<?xml version="1.0" encoding="UTF-8"?>
<testng-results skipped="0" failed="1" total="19" passed="18">
  <reporter-output>
  </reporter-output>
  <suite name="Default suite" duration-ms="186251" started-at="2017-10-28T00:50:03Z" finished-at="2017-10-28T00:53:09Z">
    <groups>
    </groups>
    <test name="Default test" duration-ms="186251" started-at="2017-10-28T00:50:03Z" finished-at="2017-10-28T00:53:09Z">
      <class name="com.test.FormTest">
        <test-method status="PASS" signature="setUp()[pri:0, instance:com.test.FormTest@604ed9f0]" name="setUp" is-config="true" duration-ms="141" started-at="2017-10-27T20:50:03Z" finished-at="2017-10-27T20:50:03Z">
          <reporter-output>
          </reporter-output>
        </test-method> <!-- setUp -->
        <test-method status="PASS" signature="submitFormTest(java.lang.String, java.lang.String, java.lang.String, java.lang.String, java.lang.String, int)[pri:0, instance:com.test.FormTest@604ed9f0]" name="submitFormTest" duration-ms="32476" started-at="2017-10-27T20:50:04Z" data-provider="formData" finished-at="2017-10-27T20:50:37Z">
          <params>
            <param index="0">
              <value>
                <![CDATA[TestSubmitButton]]>
              </value>
            </param>
            <param index="1">
              <value>
                <![CDATA[Shweta]]>
              </value>
            </param>
            <param index="2">
              <value>
                <![CDATA[Thakkar]]>
              </value>
            </param>
            <param index="3">
              <value>
                <![CDATA[6475348681]]>
              </value>
            </param>
            <param index="4">
              <value>
                <![CDATA[Form submitted!]]>
              </value>
            </param>
            <param index="5">
              <value>
                <![CDATA[1]]>
              </value>
            </param>
          </params>
          <reporter-output>
          </reporter-output>
        </test-method> <!-- submitFormTest -->
        <test-method status="PASS" signature="readPropertyFile()[pri:0, instance:com.test.FormTest@604ed9f0]" name="readPropertyFile" is-config="true" duration-ms="0" started-at="2017-10-27T20:50:04Z" finished-at="2017-10-27T20:50:04Z">
          <reporter-output>
          </reporter-output>
        </test-method> <!-- readPropertyFile -->
        <test-method status="PASS" signature="closeBrowser()[pri:0, instance:com.test.FormTest@604ed9f0]" name="closeBrowser" is-config="true" duration-ms="1854" started-at="2017-10-27T20:50:37Z" finished-at="2017-10-27T20:50:39Z">
          <reporter-output>
          </reporter-output>
        </test-method> <!-- closeBrowser -->
        <test-method status="PASS" signature="submitFormTest(java.lang.String, java.lang.String, java.lang.String, java.lang.String, java.lang.String, int)[pri:0, instance:com.test.FormTest@604ed9f0]" name="submitFormTest" duration-ms="7699" started-at="2017-10-27T20:50:39Z" data-provider="formData" finished-at="2017-10-27T20:50:46Z">
          <params>
            <param index="0">
              <value>
                <![CDATA[TestSubmitButton]]>
              </value>
            </param>
            <param index="1">
              <value>
                <![CDATA[Shweta]]>
              </value>
            </param>
            <param index="2">
              <value>
                <![CDATA[Thakkar]]>
              </value>
            </param>
            <param index="3">
              <value>
                <![CDATA[647]]>
              </value>
            </param>
            <param index="4">
              <value>
                <![CDATA[Phone is incorrect]]>
              </value>
            </param>
            <param index="5">
              <value>
                <![CDATA[2]]>
              </value>
            </param>
          </params>
          <reporter-output>
          </reporter-output>
        </test-method> <!-- submitFormTest -->
        <test-method status="PASS" signature="readPropertyFile()[pri:0, instance:com.test.FormTest@604ed9f0]" name="readPropertyFile" is-config="true" duration-ms="0" started-at="2017-10-27T20:50:39Z" finished-at="2017-10-27T20:50:39Z">
          <reporter-output>
          </reporter-output>
        </test-method> <!-- readPropertyFile -->
        <test-method status="PASS" signature="closeBrowser()[pri:0, instance:com.test.FormTest@604ed9f0]" name="closeBrowser" is-config="true" duration-ms="1042" started-at="2017-10-27T20:50:46Z" finished-at="2017-10-27T20:50:47Z">
          <reporter-output>
          </reporter-output>
        </test-method> <!-- closeBrowser -->
        <test-method status="PASS" signature="readPropertyFile()[pri:0, instance:com.test.FormTest@604ed9f0]" name="readPropertyFile" is-config="true" duration-ms="0" started-at="2017-10-27T20:50:47Z" finished-at="2017-10-27T20:50:47Z">
          <reporter-output>
          </reporter-output>
        </test-method> <!-- readPropertyFile -->
        <test-method status="PASS" signature="submitFormTest(java.lang.String, java.lang.String, java.lang.String, java.lang.String, java.lang.String, int)[pri:0, instance:com.test.FormTest@604ed9f0]" name="submitFormTest" duration-ms="8348" started-at="2017-10-27T20:50:47Z" data-provider="formData" finished-at="2017-10-27T20:50:56Z">
          <params>
            <param index="0">
              <value>
                <![CDATA[TestSubmitButton]]>
              </value>
            </param>
            <param index="1">
              <value>
                <![CDATA[morethantwentycharacters]]>
              </value>
            </param>
            <param index="2">
              <value>
                <![CDATA[Thakkar]]>
              </value>
            </param>
            <param index="3">
              <value>
                <![CDATA[6475348681]]>
              </value>
            </param>
            <param index="4">
              <value>
                <![CDATA[The max length of first name is 20]]>
              </value>
            </param>
            <param index="5">
              <value>
                <![CDATA[3]]>
              </value>
            </param>
          </params>
          <reporter-output>
          </reporter-output>
        </test-method> <!-- submitFormTest -->
        <test-method status="PASS" signature="closeBrowser()[pri:0, instance:com.test.FormTest@604ed9f0]" name="closeBrowser" is-config="true" duration-ms="1099" started-at="2017-10-27T20:50:56Z" finished-at="2017-10-27T20:50:57Z">
          <reporter-output>
          </reporter-output>
        </test-method> <!-- closeBrowser -->
        <test-method status="PASS" signature="readPropertyFile()[pri:0, instance:com.test.FormTest@604ed9f0]" name="readPropertyFile" is-config="true" duration-ms="0" started-at="2017-10-27T20:50:57Z" finished-at="2017-10-27T20:50:57Z">
          <reporter-output>
          </reporter-output>
        </test-method> <!-- readPropertyFile -->
        <test-method status="FAIL" signature="submitFormTest(java.lang.String, java.lang.String, java.lang.String, java.lang.String, java.lang.String, int)[pri:0, instance:com.test.FormTest@604ed9f0]" name="submitFormTest" duration-ms="7383" started-at="2017-10-27T20:50:57Z" data-provider="formData" finished-at="2017-10-27T20:51:04Z">
          <params>
            <param index="0">
              <value>
                <![CDATA[TestSubmitButton]]>
              </value>
            </param>
            <param index="1">
              <value>
                <![CDATA[Thakkar]]>
              </value>
            </param>
            <param index="2">
              <value>
                <![CDATA[morethantwentycharacters]]>
              </value>
            </param>
            <param index="3">
              <value>
                <![CDATA[6475348681]]>
              </value>
            </param>
            <param index="4">
              <value>
                <![CDATA[The max length of last name is 20]]>
              </value>
            </param>
            <param index="5">
              <value>
                <![CDATA[4]]>
              </value>
            </param>
          </params>
          <exception class="java.lang.AssertionError">
            <message>
              <![CDATA[expected [The max length of last name is 20] but found [The max length of first name is 20]]]>
            </message>
            <full-stacktrace>
              <![CDATA[java.lang.AssertionError: expected [The max length of last name is 20] but found [The max length of first name is 20]
	at org.testng.Assert.fail(Assert.java:94)
	at org.testng.Assert.failNotEquals(Assert.java:513)
	at org.testng.Assert.assertEqualsImpl(Assert.java:135)
	at org.testng.Assert.assertEquals(Assert.java:116)
	at org.testng.Assert.assertEquals(Assert.java:190)
	at org.testng.Assert.assertEquals(Assert.java:200)
	at com.test.FormTest.submitFormTest(FormTest.java:101)
	at sun.reflect.NativeMethodAccessorImpl.invoke0(Native Method)
	at sun.reflect.NativeMethodAccessorImpl.invoke(NativeMethodAccessorImpl.java:62)
	at sun.reflect.DelegatingMethodAccessorImpl.invoke(DelegatingMethodAccessorImpl.java:43)
	at java.lang.reflect.Method.invoke(Method.java:498)
	at org.testng.internal.MethodInvocationHelper.invokeMethod(MethodInvocationHelper.java:86)
	at org.testng.internal.Invoker.invokeMethod(Invoker.java:643)
	at org.testng.internal.Invoker.invokeTestMethod(Invoker.java:820)
	at org.testng.internal.Invoker.invokeTestMethods(Invoker.java:1128)
	at org.testng.internal.TestMethodWorker.invokeTestMethods(TestMethodWorker.java:129)
	at org.testng.internal.TestMethodWorker.run(TestMethodWorker.java:112)
	at org.testng.TestRunner.privateRun(TestRunner.java:782)
	at org.testng.TestRunner.run(TestRunner.java:632)
	at org.testng.SuiteRunner.runTest(SuiteRunner.java:366)
	at org.testng.SuiteRunner.runSequentially(SuiteRunner.java:361)
	at org.testng.SuiteRunner.privateRun(SuiteRunner.java:319)
	at org.testng.SuiteRunner.run(SuiteRunner.java:268)
	at org.testng.SuiteRunnerWorker.runSuite(SuiteRunnerWorker.java:52)
	at org.testng.SuiteRunnerWorker.run(SuiteRunnerWorker.java:86)
	at org.testng.TestNG.runSuitesSequentially(TestNG.java:1244)
	at org.testng.TestNG.runSuitesLocally(TestNG.java:1169)
	at org.testng.TestNG.run(TestNG.java:1064)
	at org.testng.remote.AbstractRemoteTestNG.run(AbstractRemoteTestNG.java:132)
	at org.testng.remote.RemoteTestNG.initAndRun(RemoteTestNG.java:230)
	at org.testng.remote.RemoteTestNG.main(RemoteTestNG.java:76)
]]>
            </full-stacktrace>
          </exception> <!-- java.lang.AssertionError -->
          <reporter-output>
          </reporter-output>
        </test-method> <!-- submitFormTest -->
        <test-method status="PASS" signature="closeBrowser()[pri:0, instance:com.test.FormTest@604ed9f0]" name="closeBrowser" is-config="true" duration-ms="1236" started-at="2017-10-27T20:51:04Z" finished-at="2017-10-27T20:51:05Z">
          <reporter-output>
          </reporter-output>
        </test-method> <!-- closeBrowser -->
        <test-method status="PASS" signature="submitFormTest(java.lang.String, java.lang.String, java.lang.String, java.lang.String, java.lang.String, int)[pri:0, instance:com.test.FormTest@604ed9f0]" name="submitFormTest" duration-ms="6511" started-at="2017-10-27T20:51:05Z" data-provider="formData" finished-at="2017-10-27T20:51:12Z">
          <params>
            <param index="0">
              <value>
                <![CDATA[TestSubmitButton]]>
              </value>
            </param>
            <param index="1">
              <value>
                <![CDATA[NULL]]>
              </value>
            </param>
            <param index="2">
              <value>
                <![CDATA[Thakkar]]>
              </value>
            </param>
            <param index="3">
              <value>
                <![CDATA[6475348681]]>
              </value>
            </param>
            <param index="4">
              <value>
                <![CDATA[First name is a required field]]>
              </value>
            </param>
            <param index="5">
              <value>
                <![CDATA[5]]>
              </value>
            </param>
          </params>
          <reporter-output>
          </reporter-output>
        </test-method> <!-- submitFormTest -->
        <test-method status="PASS" signature="readPropertyFile()[pri:0, instance:com.test.FormTest@604ed9f0]" name="readPropertyFile" is-config="true" duration-ms="0" started-at="2017-10-27T20:51:05Z" finished-at="2017-10-27T20:51:05Z">
          <reporter-output>
          </reporter-output>
        </test-method> <!-- readPropertyFile -->
        <test-method status="PASS" signature="closeBrowser()[pri:0, instance:com.test.FormTest@604ed9f0]" name="closeBrowser" is-config="true" duration-ms="1047" started-at="2017-10-27T20:51:12Z" finished-at="2017-10-27T20:51:13Z">
          <reporter-output>
          </reporter-output>
        </test-method> <!-- closeBrowser -->
        <test-method status="PASS" signature="submitFormTest(java.lang.String, java.lang.String, java.lang.String, java.lang.String, java.lang.String, int)[pri:0, instance:com.test.FormTest@604ed9f0]" name="submitFormTest" duration-ms="7040" started-at="2017-10-27T20:51:13Z" data-provider="formData" finished-at="2017-10-27T20:51:20Z">
          <params>
            <param index="0">
              <value>
                <![CDATA[TestSubmitButton]]>
              </value>
            </param>
            <param index="1">
              <value>
                <![CDATA[Shweta]]>
              </value>
            </param>
            <param index="2">
              <value>
                <![CDATA[NULL]]>
              </value>
            </param>
            <param index="3">
              <value>
                <![CDATA[6475348681]]>
              </value>
            </param>
            <param index="4">
              <value>
                <![CDATA[Last name is a required field]]>
              </value>
            </param>
            <param index="5">
              <value>
                <![CDATA[6]]>
              </value>
            </param>
          </params>
          <reporter-output>
          </reporter-output>
        </test-method> <!-- submitFormTest -->
        <test-method status="PASS" signature="readPropertyFile()[pri:0, instance:com.test.FormTest@604ed9f0]" name="readPropertyFile" is-config="true" duration-ms="0" started-at="2017-10-27T20:51:13Z" finished-at="2017-10-27T20:51:13Z">
          <reporter-output>
          </reporter-output>
        </test-method> <!-- readPropertyFile -->
        <test-method status="PASS" signature="closeBrowser()[pri:0, instance:com.test.FormTest@604ed9f0]" name="closeBrowser" is-config="true" duration-ms="1235" started-at="2017-10-27T20:51:20Z" finished-at="2017-10-27T20:51:21Z">
          <reporter-output>
          </reporter-output>
        </test-method> <!-- closeBrowser -->
        <test-method status="PASS" signature="submitFormTest(java.lang.String, java.lang.String, java.lang.String, java.lang.String, java.lang.String, int)[pri:0, instance:com.test.FormTest@604ed9f0]" name="submitFormTest" duration-ms="6999" started-at="2017-10-27T20:51:21Z" data-provider="formData" finished-at="2017-10-27T20:51:28Z">
          <params>
            <param index="0">
              <value>
                <![CDATA[TestSubmitButton]]>
              </value>
            </param>
            <param index="1">
              <value>
                <![CDATA[Shweta]]>
              </value>
            </param>
            <param index="2">
              <value>
                <![CDATA[Thakkar]]>
              </value>
            </param>
            <param index="3">
              <value>
                <![CDATA[NULL]]>
              </value>
            </param>
            <param index="4">
              <value>
                <![CDATA[Phone number is a required input]]>
              </value>
            </param>
            <param index="5">
              <value>
                <![CDATA[7]]>
              </value>
            </param>
          </params>
          <reporter-output>
          </reporter-output>
        </test-method> <!-- submitFormTest -->
        <test-method status="PASS" signature="readPropertyFile()[pri:0, instance:com.test.FormTest@604ed9f0]" name="readPropertyFile" is-config="true" duration-ms="0" started-at="2017-10-27T20:51:21Z" finished-at="2017-10-27T20:51:21Z">
          <reporter-output>
          </reporter-output>
        </test-method> <!-- readPropertyFile -->
        <test-method status="PASS" signature="closeBrowser()[pri:0, instance:com.test.FormTest@604ed9f0]" name="closeBrowser" is-config="true" duration-ms="1252" started-at="2017-10-27T20:51:28Z" finished-at="2017-10-27T20:51:30Z">
          <reporter-output>
          </reporter-output>
        </test-method> <!-- closeBrowser -->
        <test-method status="PASS" signature="readPropertyFile()[pri:0, instance:com.test.FormTest@604ed9f0]" name="readPropertyFile" is-config="true" duration-ms="0" started-at="2017-10-27T20:51:30Z" finished-at="2017-10-27T20:51:30Z">
          <reporter-output>
          </reporter-output>
        </test-method> <!-- readPropertyFile -->
        <test-method status="PASS" signature="submitFormTest(java.lang.String, java.lang.String, java.lang.String, java.lang.String, java.lang.String, int)[pri:0, instance:com.test.FormTest@604ed9f0]" name="submitFormTest" duration-ms="7769" started-at="2017-10-27T20:51:30Z" data-provider="formData" finished-at="2017-10-27T20:51:37Z">
          <params>
            <param index="0">
              <value>
                <![CDATA[TestSubmitButton]]>
              </value>
            </param>
            <param index="1">
              <value>
                <![CDATA[Shweta17]]>
              </value>
            </param>
            <param index="2">
              <value>
                <![CDATA[Thakkar]]>
              </value>
            </param>
            <param index="3">
              <value>
                <![CDATA[6475348681]]>
              </value>
            </param>
            <param index="4">
              <value>
                <![CDATA[First name can only be characters]]>
              </value>
            </param>
            <param index="5">
              <value>
                <![CDATA[8]]>
              </value>
            </param>
          </params>
          <reporter-output>
          </reporter-output>
        </test-method> <!-- submitFormTest -->
        <test-method status="PASS" signature="closeBrowser()[pri:0, instance:com.test.FormTest@604ed9f0]" name="closeBrowser" is-config="true" duration-ms="1003" started-at="2017-10-27T20:51:37Z" finished-at="2017-10-27T20:51:38Z">
          <reporter-output>
          </reporter-output>
        </test-method> <!-- closeBrowser -->
        <test-method status="PASS" signature="readPropertyFile()[pri:0, instance:com.test.FormTest@604ed9f0]" name="readPropertyFile" is-config="true" duration-ms="0" started-at="2017-10-27T20:51:38Z" finished-at="2017-10-27T20:51:38Z">
          <reporter-output>
          </reporter-output>
        </test-method> <!-- readPropertyFile -->
        <test-method status="PASS" signature="submitFormTest(java.lang.String, java.lang.String, java.lang.String, java.lang.String, java.lang.String, int)[pri:0, instance:com.test.FormTest@604ed9f0]" name="submitFormTest" duration-ms="7324" started-at="2017-10-27T20:51:38Z" data-provider="formData" finished-at="2017-10-27T20:51:46Z">
          <params>
            <param index="0">
              <value>
                <![CDATA[TestSubmitButton]]>
              </value>
            </param>
            <param index="1">
              <value>
                <![CDATA[Shweta]]>
              </value>
            </param>
            <param index="2">
              <value>
                <![CDATA[Thakkar17]]>
              </value>
            </param>
            <param index="3">
              <value>
                <![CDATA[6475348681]]>
              </value>
            </param>
            <param index="4">
              <value>
                <![CDATA[Last name can only be characters]]>
              </value>
            </param>
            <param index="5">
              <value>
                <![CDATA[9]]>
              </value>
            </param>
          </params>
          <reporter-output>
          </reporter-output>
        </test-method> <!-- submitFormTest -->
        <test-method status="PASS" signature="closeBrowser()[pri:0, instance:com.test.FormTest@604ed9f0]" name="closeBrowser" is-config="true" duration-ms="1110" started-at="2017-10-27T20:51:46Z" finished-at="2017-10-27T20:51:47Z">
          <reporter-output>
          </reporter-output>
        </test-method> <!-- closeBrowser -->
        <test-method status="PASS" signature="submitFormTest(java.lang.String, java.lang.String, java.lang.String, java.lang.String, java.lang.String, int)[pri:0, instance:com.test.FormTest@604ed9f0]" name="submitFormTest" duration-ms="6947" started-at="2017-10-27T20:51:47Z" data-provider="formData" finished-at="2017-10-27T20:51:54Z">
          <params>
            <param index="0">
              <value>
                <![CDATA[TestSubmitButton]]>
              </value>
            </param>
            <param index="1">
              <value>
                <![CDATA[Shweta]]>
              </value>
            </param>
            <param index="2">
              <value>
                <![CDATA[Thakkar]]>
              </value>
            </param>
            <param index="3">
              <value>
                <![CDATA[12345678910]]>
              </value>
            </param>
            <param index="4">
              <value>
                <![CDATA[Phone is incorrect]]>
              </value>
            </param>
            <param index="5">
              <value>
                <![CDATA[10]]>
              </value>
            </param>
          </params>
          <reporter-output>
          </reporter-output>
        </test-method> <!-- submitFormTest -->
        <test-method status="PASS" signature="readPropertyFile()[pri:0, instance:com.test.FormTest@604ed9f0]" name="readPropertyFile" is-config="true" duration-ms="0" started-at="2017-10-27T20:51:47Z" finished-at="2017-10-27T20:51:47Z">
          <reporter-output>
          </reporter-output>
        </test-method> <!-- readPropertyFile -->
        <test-method status="PASS" signature="closeBrowser()[pri:0, instance:com.test.FormTest@604ed9f0]" name="closeBrowser" is-config="true" duration-ms="1066" started-at="2017-10-27T20:51:54Z" finished-at="2017-10-27T20:51:55Z">
          <reporter-output>
          </reporter-output>
        </test-method> <!-- closeBrowser -->
        <test-method status="PASS" signature="readPropertyFile()[pri:0, instance:com.test.FormTest@604ed9f0]" name="readPropertyFile" is-config="true" duration-ms="0" started-at="2017-10-27T20:51:55Z" finished-at="2017-10-27T20:51:55Z">
          <reporter-output>
          </reporter-output>
        </test-method> <!-- readPropertyFile -->
        <test-method status="PASS" signature="submitFormTest(java.lang.String, java.lang.String, java.lang.String, java.lang.String, java.lang.String, int)[pri:0, instance:com.test.FormTest@604ed9f0]" name="submitFormTest" duration-ms="7395" started-at="2017-10-27T20:51:55Z" data-provider="formData" finished-at="2017-10-27T20:52:02Z">
          <params>
            <param index="0">
              <value>
                <![CDATA[TestSubmitButton]]>
              </value>
            </param>
            <param index="1">
              <value>
                <![CDATA[Shweta]]>
              </value>
            </param>
            <param index="2">
              <value>
                <![CDATA[Thakkar]]>
              </value>
            </param>
            <param index="3">
              <value>
                <![CDATA[charactervalue]]>
              </value>
            </param>
            <param index="4">
              <value>
                <![CDATA[Phone is incorrect]]>
              </value>
            </param>
            <param index="5">
              <value>
                <![CDATA[11]]>
              </value>
            </param>
          </params>
          <reporter-output>
          </reporter-output>
        </test-method> <!-- submitFormTest -->
        <test-method status="PASS" signature="closeBrowser()[pri:0, instance:com.test.FormTest@604ed9f0]" name="closeBrowser" is-config="true" duration-ms="1033" started-at="2017-10-27T20:52:02Z" finished-at="2017-10-27T20:52:03Z">
          <reporter-output>
          </reporter-output>
        </test-method> <!-- closeBrowser -->
        <test-method status="PASS" signature="readPropertyFile()[pri:0, instance:com.test.FormTest@604ed9f0]" name="readPropertyFile" is-config="true" duration-ms="0" started-at="2017-10-27T20:52:03Z" finished-at="2017-10-27T20:52:03Z">
          <reporter-output>
          </reporter-output>
        </test-method> <!-- readPropertyFile -->
        <test-method status="PASS" signature="submitFormTest(java.lang.String, java.lang.String, java.lang.String, java.lang.String, java.lang.String, int)[pri:0, instance:com.test.FormTest@604ed9f0]" name="submitFormTest" duration-ms="7275" started-at="2017-10-27T20:52:03Z" data-provider="formData" finished-at="2017-10-27T20:52:10Z">
          <params>
            <param index="0">
              <value>
                <![CDATA[TestSubmitButton]]>
              </value>
            </param>
            <param index="1">
              <value>
                <![CDATA[Shweta$]]>
              </value>
            </param>
            <param index="2">
              <value>
                <![CDATA[Thakkar]]>
              </value>
            </param>
            <param index="3">
              <value>
                <![CDATA[6475348681]]>
              </value>
            </param>
            <param index="4">
              <value>
                <![CDATA[First name can only be characters]]>
              </value>
            </param>
            <param index="5">
              <value>
                <![CDATA[12]]>
              </value>
            </param>
          </params>
          <reporter-output>
          </reporter-output>
        </test-method> <!-- submitFormTest -->
        <test-method status="PASS" signature="closeBrowser()[pri:0, instance:com.test.FormTest@604ed9f0]" name="closeBrowser" is-config="true" duration-ms="1196" started-at="2017-10-27T20:52:10Z" finished-at="2017-10-27T20:52:12Z">
          <reporter-output>
          </reporter-output>
        </test-method> <!-- closeBrowser -->
        <test-method status="PASS" signature="submitFormTest(java.lang.String, java.lang.String, java.lang.String, java.lang.String, java.lang.String, int)[pri:0, instance:com.test.FormTest@604ed9f0]" name="submitFormTest" duration-ms="6487" started-at="2017-10-27T20:52:12Z" data-provider="formData" finished-at="2017-10-27T20:52:18Z">
          <params>
            <param index="0">
              <value>
                <![CDATA[TestSubmitButton]]>
              </value>
            </param>
            <param index="1">
              <value>
                <![CDATA[Shweta]]>
              </value>
            </param>
            <param index="2">
              <value>
                <![CDATA[Thakkar]]>
              </value>
            </param>
            <param index="3">
              <value>
                <![CDATA[647-534-8681]]>
              </value>
            </param>
            <param index="4">
              <value>
                <![CDATA[Form submitted!]]>
              </value>
            </param>
            <param index="5">
              <value>
                <![CDATA[13]]>
              </value>
            </param>
          </params>
          <reporter-output>
          </reporter-output>
        </test-method> <!-- submitFormTest -->
        <test-method status="PASS" signature="readPropertyFile()[pri:0, instance:com.test.FormTest@604ed9f0]" name="readPropertyFile" is-config="true" duration-ms="0" started-at="2017-10-27T20:52:12Z" finished-at="2017-10-27T20:52:12Z">
          <reporter-output>
          </reporter-output>
        </test-method> <!-- readPropertyFile -->
        <test-method status="PASS" signature="closeBrowser()[pri:0, instance:com.test.FormTest@604ed9f0]" name="closeBrowser" is-config="true" duration-ms="1168" started-at="2017-10-27T20:52:18Z" finished-at="2017-10-27T20:52:19Z">
          <reporter-output>
          </reporter-output>
        </test-method> <!-- closeBrowser -->
        <test-method status="PASS" signature="submitFormTest(java.lang.String, java.lang.String, java.lang.String, java.lang.String, java.lang.String, int)[pri:0, instance:com.test.FormTest@604ed9f0]" name="submitFormTest" duration-ms="5958" started-at="2017-10-27T20:52:19Z" data-provider="formData" finished-at="2017-10-27T20:52:25Z">
          <params>
            <param index="0">
              <value>
                <![CDATA[TestClearButton]]>
              </value>
            </param>
            <param index="1">
              <value>
                <![CDATA[Shweta]]>
              </value>
            </param>
            <param index="2">
              <value>
                <![CDATA[NULL]]>
              </value>
            </param>
            <param index="3">
              <value>
                <![CDATA[NULL]]>
              </value>
            </param>
            <param index="4">
              <value>
                <![CDATA[NULL]]>
              </value>
            </param>
            <param index="5">
              <value>
                <![CDATA[14]]>
              </value>
            </param>
          </params>
          <reporter-output>
          </reporter-output>
        </test-method> <!-- submitFormTest -->
        <test-method status="PASS" signature="readPropertyFile()[pri:0, instance:com.test.FormTest@604ed9f0]" name="readPropertyFile" is-config="true" duration-ms="0" started-at="2017-10-27T20:52:19Z" finished-at="2017-10-27T20:52:19Z">
          <reporter-output>
          </reporter-output>
        </test-method> <!-- readPropertyFile -->
        <test-method status="PASS" signature="closeBrowser()[pri:0, instance:com.test.FormTest@604ed9f0]" name="closeBrowser" is-config="true" duration-ms="1156" started-at="2017-10-27T20:52:25Z" finished-at="2017-10-27T20:52:26Z">
          <reporter-output>
          </reporter-output>
        </test-method> <!-- closeBrowser -->
        <test-method status="PASS" signature="readPropertyFile()[pri:0, instance:com.test.FormTest@604ed9f0]" name="readPropertyFile" is-config="true" duration-ms="0" started-at="2017-10-27T20:52:26Z" finished-at="2017-10-27T20:52:26Z">
          <reporter-output>
          </reporter-output>
        </test-method> <!-- readPropertyFile -->
        <test-method status="PASS" signature="submitFormTest(java.lang.String, java.lang.String, java.lang.String, java.lang.String, java.lang.String, int)[pri:0, instance:com.test.FormTest@604ed9f0]" name="submitFormTest" duration-ms="5865" started-at="2017-10-27T20:52:26Z" data-provider="formData" finished-at="2017-10-27T20:52:32Z">
          <params>
            <param index="0">
              <value>
                <![CDATA[TestClearButton]]>
              </value>
            </param>
            <param index="1">
              <value>
                <![CDATA[NULL]]>
              </value>
            </param>
            <param index="2">
              <value>
                <![CDATA[Thakkar]]>
              </value>
            </param>
            <param index="3">
              <value>
                <![CDATA[NULL]]>
              </value>
            </param>
            <param index="4">
              <value>
                <![CDATA[NULL]]>
              </value>
            </param>
            <param index="5">
              <value>
                <![CDATA[15]]>
              </value>
            </param>
          </params>
          <reporter-output>
          </reporter-output>
        </test-method> <!-- submitFormTest -->
        <test-method status="PASS" signature="closeBrowser()[pri:0, instance:com.test.FormTest@604ed9f0]" name="closeBrowser" is-config="true" duration-ms="1032" started-at="2017-10-27T20:52:32Z" finished-at="2017-10-27T20:52:33Z">
          <reporter-output>
          </reporter-output>
        </test-method> <!-- closeBrowser -->
        <test-method status="PASS" signature="submitFormTest(java.lang.String, java.lang.String, java.lang.String, java.lang.String, java.lang.String, int)[pri:0, instance:com.test.FormTest@604ed9f0]" name="submitFormTest" duration-ms="8229" started-at="2017-10-27T20:52:33Z" data-provider="formData" finished-at="2017-10-27T20:52:42Z">
          <params>
            <param index="0">
              <value>
                <![CDATA[TestClearButton]]>
              </value>
            </param>
            <param index="1">
              <value>
                <![CDATA[NULL]]>
              </value>
            </param>
            <param index="2">
              <value>
                <![CDATA[NULL]]>
              </value>
            </param>
            <param index="3">
              <value>
                <![CDATA[647-534-8681]]>
              </value>
            </param>
            <param index="4">
              <value>
                <![CDATA[NULL]]>
              </value>
            </param>
            <param index="5">
              <value>
                <![CDATA[16]]>
              </value>
            </param>
          </params>
          <reporter-output>
          </reporter-output>
        </test-method> <!-- submitFormTest -->
        <test-method status="PASS" signature="readPropertyFile()[pri:0, instance:com.test.FormTest@604ed9f0]" name="readPropertyFile" is-config="true" duration-ms="0" started-at="2017-10-27T20:52:33Z" finished-at="2017-10-27T20:52:33Z">
          <reporter-output>
          </reporter-output>
        </test-method> <!-- readPropertyFile -->
        <test-method status="PASS" signature="closeBrowser()[pri:0, instance:com.test.FormTest@604ed9f0]" name="closeBrowser" is-config="true" duration-ms="1182" started-at="2017-10-27T20:52:42Z" finished-at="2017-10-27T20:52:43Z">
          <reporter-output>
          </reporter-output>
        </test-method> <!-- closeBrowser -->
        <test-method status="PASS" signature="submitFormTest(java.lang.String, java.lang.String, java.lang.String, java.lang.String, java.lang.String, int)[pri:0, instance:com.test.FormTest@604ed9f0]" name="submitFormTest" duration-ms="8657" started-at="2017-10-27T20:52:43Z" data-provider="formData" finished-at="2017-10-27T20:52:51Z">
          <params>
            <param index="0">
              <value>
                <![CDATA[TestClearButton]]>
              </value>
            </param>
            <param index="1">
              <value>
                <![CDATA[Shweta]]>
              </value>
            </param>
            <param index="2">
              <value>
                <![CDATA[Thakkar]]>
              </value>
            </param>
            <param index="3">
              <value>
                <![CDATA[NULL]]>
              </value>
            </param>
            <param index="4">
              <value>
                <![CDATA[NULL]]>
              </value>
            </param>
            <param index="5">
              <value>
                <![CDATA[17]]>
              </value>
            </param>
          </params>
          <reporter-output>
          </reporter-output>
        </test-method> <!-- submitFormTest -->
        <test-method status="PASS" signature="readPropertyFile()[pri:0, instance:com.test.FormTest@604ed9f0]" name="readPropertyFile" is-config="true" duration-ms="0" started-at="2017-10-27T20:52:43Z" finished-at="2017-10-27T20:52:43Z">
          <reporter-output>
          </reporter-output>
        </test-method> <!-- readPropertyFile -->
        <test-method status="PASS" signature="closeBrowser()[pri:0, instance:com.test.FormTest@604ed9f0]" name="closeBrowser" is-config="true" duration-ms="1095" started-at="2017-10-27T20:52:51Z" finished-at="2017-10-27T20:52:53Z">
          <reporter-output>
          </reporter-output>
        </test-method> <!-- closeBrowser -->
        <test-method status="PASS" signature="readPropertyFile()[pri:0, instance:com.test.FormTest@604ed9f0]" name="readPropertyFile" is-config="true" duration-ms="1" started-at="2017-10-27T20:52:53Z" finished-at="2017-10-27T20:52:53Z">
          <reporter-output>
          </reporter-output>
        </test-method> <!-- readPropertyFile -->
        <test-method status="PASS" signature="submitFormTest(java.lang.String, java.lang.String, java.lang.String, java.lang.String, java.lang.String, int)[pri:0, instance:com.test.FormTest@604ed9f0]" name="submitFormTest" duration-ms="6845" started-at="2017-10-27T20:52:53Z" data-provider="formData" finished-at="2017-10-27T20:52:59Z">
          <params>
            <param index="0">
              <value>
                <![CDATA[TestClearButton]]>
              </value>
            </param>
            <param index="1">
              <value>
                <![CDATA[Shweta]]>
              </value>
            </param>
            <param index="2">
              <value>
                <![CDATA[NULL]]>
              </value>
            </param>
            <param index="3">
              <value>
                <![CDATA[NULL]]>
              </value>
            </param>
            <param index="4">
              <value>
                <![CDATA[NULL]]>
              </value>
            </param>
            <param index="5">
              <value>
                <![CDATA[18]]>
              </value>
            </param>
          </params>
          <reporter-output>
          </reporter-output>
        </test-method> <!-- submitFormTest -->
        <test-method status="PASS" signature="closeBrowser()[pri:0, instance:com.test.FormTest@604ed9f0]" name="closeBrowser" is-config="true" duration-ms="1047" started-at="2017-10-27T20:52:59Z" finished-at="2017-10-27T20:53:00Z">
          <reporter-output>
          </reporter-output>
        </test-method> <!-- closeBrowser -->
        <test-method status="PASS" signature="submitFormTest(java.lang.String, java.lang.String, java.lang.String, java.lang.String, java.lang.String, int)[pri:0, instance:com.test.FormTest@604ed9f0]" name="submitFormTest" duration-ms="7279" started-at="2017-10-27T20:53:00Z" data-provider="formData" finished-at="2017-10-27T20:53:08Z">
          <params>
            <param index="0">
              <value>
                <![CDATA[TestClearButton]]>
              </value>
            </param>
            <param index="1">
              <value>
                <![CDATA[Shweta]]>
              </value>
            </param>
            <param index="2">
              <value>
                <![CDATA[Thakkar]]>
              </value>
            </param>
            <param index="3">
              <value>
                <![CDATA[6475348681]]>
              </value>
            </param>
            <param index="4">
              <value>
                <![CDATA[NULL]]>
              </value>
            </param>
            <param index="5">
              <value>
                <![CDATA[19]]>
              </value>
            </param>
          </params>
          <reporter-output>
          </reporter-output>
        </test-method> <!-- submitFormTest -->
        <test-method status="PASS" signature="readPropertyFile()[pri:0, instance:com.test.FormTest@604ed9f0]" name="readPropertyFile" is-config="true" duration-ms="0" started-at="2017-10-27T20:53:00Z" finished-at="2017-10-27T20:53:00Z">
          <reporter-output>
          </reporter-output>
        </test-method> <!-- readPropertyFile -->
        <test-method status="PASS" signature="closeBrowser()[pri:0, instance:com.test.FormTest@604ed9f0]" name="closeBrowser" is-config="true" duration-ms="1289" started-at="2017-10-27T20:53:08Z" finished-at="2017-10-27T20:53:09Z">
          <reporter-output>
          </reporter-output>
        </test-method> <!-- closeBrowser -->
      </class> <!-- com.test.FormTest -->
    </test> <!-- Default test -->
  </suite> <!-- Default suite -->
</testng-results>
